-------------------------------------------
Event: Application_Start
Guid: aad94f45-9026-4e42-952d-960e8bc9d75e
Thread Id: 5
Appdomain: 7827fa45-1-130591450698319654
TestMessage: not null
Pool Thread

-------------------------------------------
Event: Application_BeginRequest
Guid: 23851c5a-dced-4873-8cd6-5c8a66cb50cb
Thread Id: 5
Appdomain: 7827fa45-1-130591450698319654
TestMessage: 
Pool Thread

-------------------------------------------
Event: Page_Load
Guid: 23851c5a-dced-4873-8cd6-5c8a66cb50cb
Thread Id: 5
Appdomain: 7827fa45-1-130591450698319654
TestMessage: 
Pool Thread

-------------------------------------------
Event: Application_EndRequest
Guid: 23851c5a-dced-4873-8cd6-5c8a66cb50cb
Thread Id: 5
Appdomain: 7827fa45-1-130591450698319654
TestMessage: 
Pool Thread

-------------------------------------------
Event: Application_BeginRequest
Guid: 23851c5a-dced-4873-8cd6-5c8a66cb50cb
Thread Id: 6
Appdomain: 7827fa45-1-130591450698319654
TestMessage: 
Pool Thread

-------------------------------------------
Event: Page_Load
Guid: 23851c5a-dced-4873-8cd6-5c8a66cb50cb
Thread Id: 6
Appdomain: 7827fa45-1-130591450698319654
TestMessage: 
Pool Thread

-------------------------------------------
Event: Application_EndRequest
Guid: 23851c5a-dced-4873-8cd6-5c8a66cb50cb
Thread Id: 6
Appdomain: 7827fa45-1-130591450698319654
TestMessage: 
Pool Thread

-------------------------------------------
Event: Application_End
Guid: aad94f45-9026-4e42-952d-960e8bc9d75e
Thread Id: 12
Appdomain: 7827fa45-1-130591450698319654
TestMessage: not null
Pool Thread

